<?xml version="1.0" encoding="UTF-8"?>
<testsuite xmlns:xsi="http://www.w3.org/2001/XMLSchema-instance" xsi:noNamespaceSchemaLocation="https://maven.apache.org/surefire/maven-surefire-plugin/xsd/surefire-test-report.xsd" name="group.channel_pizza.service.ItemServiceTest" time="0.011" tests="3" errors="0" skipped="0" failures="0">
  <properties>
    <property name="java.specification.version" value="15"/>
    <property name="sun.jnu.encoding" value="UTF-8"/>
    <property name="java.class.path" value="/Users/nazlituncer/channe_pizza2/channel_pizza/target/test-classes:/Users/nazlituncer/channe_pizza2/channel_pizza/target/classes:/Users/nazlituncer/.m2/repository/org/springframework/boot/spring-boot-starter-data-mongodb/2.4.5/spring-boot-starter-data-mongodb-2.4.5.jar:/Users/nazlituncer/.m2/repository/org/springframework/boot/spring-boot-starter/2.4.5/spring-boot-starter-2.4.5.jar:/Users/nazlituncer/.m2/repository/org/springframework/boot/spring-boot-starter-logging/2.4.5/spring-boot-starter-logging-2.4.5.jar:/Users/nazlituncer/.m2/repository/ch/qos/logback/logback-classic/1.2.3/logback-classic-1.2.3.jar:/Users/nazlituncer/.m2/repository/ch/qos/logback/logback-core/1.2.3/logback-core-1.2.3.jar:/Users/nazlituncer/.m2/repository/org/apache/logging/log4j/log4j-to-slf4j/2.13.3/log4j-to-slf4j-2.13.3.jar:/Users/nazlituncer/.m2/repository/org/apache/logging/log4j/log4j-api/2.13.3/log4j-api-2.13.3.jar:/Users/nazlituncer/.m2/repository/org/slf4j/jul-to-slf4j/1.7.30/jul-to-slf4j-1.7.30.jar:/Users/nazlituncer/.m2/repository/jakarta/annotation/jakarta.annotation-api/1.3.5/jakarta.annotation-api-1.3.5.jar:/Users/nazlituncer/.m2/repository/org/yaml/snakeyaml/1.27/snakeyaml-1.27.jar:/Users/nazlituncer/.m2/repository/org/mongodb/mongodb-driver-sync/4.1.2/mongodb-driver-sync-4.1.2.jar:/Users/nazlituncer/.m2/repository/org/mongodb/bson/4.1.2/bson-4.1.2.jar:/Users/nazlituncer/.m2/repository/org/mongodb/mongodb-driver-core/4.1.2/mongodb-driver-core-4.1.2.jar:/Users/nazlituncer/.m2/repository/org/springframework/data/spring-data-mongodb/3.1.8/spring-data-mongodb-3.1.8.jar:/Users/nazlituncer/.m2/repository/org/springframework/spring-tx/5.3.6/spring-tx-5.3.6.jar:/Users/nazlituncer/.m2/repository/org/springframework/spring-context/5.3.6/spring-context-5.3.6.jar:/Users/nazlituncer/.m2/repository/org/springframework/spring-beans/5.3.6/spring-beans-5.3.6.jar:/Users/nazlituncer/.m2/repository/org/springframework/spring-expression/5.3.6/spring-expression-5.3.6.jar:/Users/nazlituncer/.m2/repository/org/springframework/data/spring-data-commons/2.4.8/spring-data-commons-2.4.8.jar:/Users/nazlituncer/.m2/repository/org/springframework/boot/spring-boot-starter-web/2.4.5/spring-boot-starter-web-2.4.5.jar:/Users/nazlituncer/.m2/repository/org/springframework/boot/spring-boot-starter-json/2.4.5/spring-boot-starter-json-2.4.5.jar:/Users/nazlituncer/.m2/repository/com/fasterxml/jackson/core/jackson-databind/2.11.4/jackson-databind-2.11.4.jar:/Users/nazlituncer/.m2/repository/com/fasterxml/jackson/core/jackson-annotations/2.11.4/jackson-annotations-2.11.4.jar:/Users/nazlituncer/.m2/repository/com/fasterxml/jackson/datatype/jackson-datatype-jdk8/2.11.4/jackson-datatype-jdk8-2.11.4.jar:/Users/nazlituncer/.m2/repository/com/fasterxml/jackson/datatype/jackson-datatype-jsr310/2.11.4/jackson-datatype-jsr310-2.11.4.jar:/Users/nazlituncer/.m2/repository/com/fasterxml/jackson/module/jackson-module-parameter-names/2.11.4/jackson-module-parameter-names-2.11.4.jar:/Users/nazlituncer/.m2/repository/org/springframework/boot/spring-boot-starter-tomcat/2.4.5/spring-boot-starter-tomcat-2.4.5.jar:/Users/nazlituncer/.m2/repository/org/apache/tomcat/embed/tomcat-embed-core/9.0.45/tomcat-embed-core-9.0.45.jar:/Users/nazlituncer/.m2/repository/org/glassfish/jakarta.el/3.0.3/jakarta.el-3.0.3.jar:/Users/nazlituncer/.m2/repository/org/apache/tomcat/embed/tomcat-embed-websocket/9.0.45/tomcat-embed-websocket-9.0.45.jar:/Users/nazlituncer/.m2/repository/org/springframework/spring-web/5.3.6/spring-web-5.3.6.jar:/Users/nazlituncer/.m2/repository/org/springframework/spring-webmvc/5.3.6/spring-webmvc-5.3.6.jar:/Users/nazlituncer/.m2/repository/org/springframework/spring-aop/5.3.6/spring-aop-5.3.6.jar:/Users/nazlituncer/.m2/repository/org/springframework/boot/spring-boot-devtools/2.4.5/spring-boot-devtools-2.4.5.jar:/Users/nazlituncer/.m2/repository/org/springframework/boot/spring-boot/2.4.5/spring-boot-2.4.5.jar:/Users/nazlituncer/.m2/repository/org/springframework/boot/spring-boot-autoconfigure/2.4.5/spring-boot-autoconfigure-2.4.5.jar:/Users/nazlituncer/.m2/repository/org/springframework/boot/spring-boot-starter-test/2.4.5/spring-boot-starter-test-2.4.5.jar:/Users/nazlituncer/.m2/repository/org/springframework/boot/spring-boot-test/2.4.5/spring-boot-test-2.4.5.jar:/Users/nazlituncer/.m2/repository/org/springframework/boot/spring-boot-test-autoconfigure/2.4.5/spring-boot-test-autoconfigure-2.4.5.jar:/Users/nazlituncer/.m2/repository/com/jayway/jsonpath/json-path/2.4.0/json-path-2.4.0.jar:/Users/nazlituncer/.m2/repository/net/minidev/json-smart/2.3/json-smart-2.3.jar:/Users/nazlituncer/.m2/repository/net/minidev/accessors-smart/1.2/accessors-smart-1.2.jar:/Users/nazlituncer/.m2/repository/org/ow2/asm/asm/5.0.4/asm-5.0.4.jar:/Users/nazlituncer/.m2/repository/jakarta/xml/bind/jakarta.xml.bind-api/2.3.3/jakarta.xml.bind-api-2.3.3.jar:/Users/nazlituncer/.m2/repository/jakarta/activation/jakarta.activation-api/1.2.2/jakarta.activation-api-1.2.2.jar:/Users/nazlituncer/.m2/repository/org/assertj/assertj-core/3.18.1/assertj-core-3.18.1.jar:/Users/nazlituncer/.m2/repository/org/hamcrest/hamcrest/2.2/hamcrest-2.2.jar:/Users/nazlituncer/.m2/repository/org/junit/jupiter/junit-jupiter/5.7.1/junit-jupiter-5.7.1.jar:/Users/nazlituncer/.m2/repository/org/junit/jupiter/junit-jupiter-api/5.7.1/junit-jupiter-api-5.7.1.jar:/Users/nazlituncer/.m2/repository/org/apiguardian/apiguardian-api/1.1.0/apiguardian-api-1.1.0.jar:/Users/nazlituncer/.m2/repository/org/opentest4j/opentest4j/1.2.0/opentest4j-1.2.0.jar:/Users/nazlituncer/.m2/repository/org/junit/platform/junit-platform-commons/1.7.1/junit-platform-commons-1.7.1.jar:/Users/nazlituncer/.m2/repository/org/junit/jupiter/junit-jupiter-params/5.7.1/junit-jupiter-params-5.7.1.jar:/Users/nazlituncer/.m2/repository/org/junit/jupiter/junit-jupiter-engine/5.7.1/junit-jupiter-engine-5.7.1.jar:/Users/nazlituncer/.m2/repository/org/junit/platform/junit-platform-engine/1.7.1/junit-platform-engine-1.7.1.jar:/Users/nazlituncer/.m2/repository/org/mockito/mockito-core/3.6.28/mockito-core-3.6.28.jar:/Users/nazlituncer/.m2/repository/net/bytebuddy/byte-buddy/1.10.22/byte-buddy-1.10.22.jar:/Users/nazlituncer/.m2/repository/net/bytebuddy/byte-buddy-agent/1.10.22/byte-buddy-agent-1.10.22.jar:/Users/nazlituncer/.m2/repository/org/objenesis/objenesis/3.1/objenesis-3.1.jar:/Users/nazlituncer/.m2/repository/org/mockito/mockito-junit-jupiter/3.6.28/mockito-junit-jupiter-3.6.28.jar:/Users/nazlituncer/.m2/repository/org/skyscreamer/jsonassert/1.5.0/jsonassert-1.5.0.jar:/Users/nazlituncer/.m2/repository/com/vaadin/external/google/android-json/0.0.20131108.vaadin1/android-json-0.0.20131108.vaadin1.jar:/Users/nazlituncer/.m2/repository/org/springframework/spring-core/5.3.6/spring-core-5.3.6.jar:/Users/nazlituncer/.m2/repository/org/springframework/spring-jcl/5.3.6/spring-jcl-5.3.6.jar:/Users/nazlituncer/.m2/repository/org/springframework/spring-test/5.3.6/spring-test-5.3.6.jar:/Users/nazlituncer/.m2/repository/org/xmlunit/xmlunit-core/2.7.0/xmlunit-core-2.7.0.jar:/Users/nazlituncer/.m2/repository/com/lordofthejars/nosqlunit-mongodb/0.7.6/nosqlunit-mongodb-0.7.6.jar:/Users/nazlituncer/.m2/repository/com/lordofthejars/nosqlunit-core/0.7.6/nosqlunit-core-0.7.6.jar:/Users/nazlituncer/.m2/repository/javax/inject/javax.inject/1/javax.inject-1.jar:/Users/nazlituncer/.m2/repository/com/googlecode/lambdaj/lambdaj/2.3.3/lambdaj-2.3.3.jar:/Users/nazlituncer/.m2/repository/cglib/cglib-nodep/2.2/cglib-nodep-2.2.jar:/Users/nazlituncer/.m2/repository/org/jooq/joor/0.9.3/joor-0.9.3.jar:/Users/nazlituncer/.m2/repository/org/codehaus/jackson/jackson-mapper-asl/1.8.8/jackson-mapper-asl-1.8.8.jar:/Users/nazlituncer/.m2/repository/org/codehaus/jackson/jackson-core-asl/1.8.8/jackson-core-asl-1.8.8.jar:/Users/nazlituncer/.m2/repository/org/mongodb/mongo-java-driver/2.10.1/mongo-java-driver-2.10.1.jar:/Users/nazlituncer/.m2/repository/com/foursquare/fongo/1.0.7/fongo-1.0.7.jar:/Users/nazlituncer/.m2/repository/org/hamcrest/hamcrest-core/2.2/hamcrest-core-2.2.jar:/Users/nazlituncer/.m2/repository/org/hamcrest/hamcrest-library/2.2/hamcrest-library-2.2.jar:/Users/nazlituncer/.m2/repository/org/slf4j/slf4j-api/1.7.30/slf4j-api-1.7.30.jar:/Users/nazlituncer/.m2/repository/com/github/fakemongo/fongo/2.0.6/fongo-2.0.6.jar:/Users/nazlituncer/.m2/repository/org/mozilla/rhino/1.7.7/rhino-1.7.7.jar:/Users/nazlituncer/.m2/repository/com/vividsolutions/jts/1.13/jts-1.13.jar:/Users/nazlituncer/.m2/repository/de/grundid/opendatalab/geojson-jackson/1.2/geojson-jackson-1.2.jar:/Users/nazlituncer/.m2/repository/com/fasterxml/jackson/core/jackson-core/2.11.4/jackson-core-2.11.4.jar:/Users/nazlituncer/.m2/repository/de/flapdoodle/embed/de.flapdoodle.embed.mongo/2.2.0/de.flapdoodle.embed.mongo-2.2.0.jar:/Users/nazlituncer/.m2/repository/de/flapdoodle/embed/de.flapdoodle.embed.process/2.1.2/de.flapdoodle.embed.process-2.1.2.jar:/Users/nazlituncer/.m2/repository/org/apache/commons/commons-lang3/3.11/commons-lang3-3.11.jar:/Users/nazlituncer/.m2/repository/net/java/dev/jna/jna/4.0.0/jna-4.0.0.jar:/Users/nazlituncer/.m2/repository/net/java/dev/jna/jna-platform/4.0.0/jna-platform-4.0.0.jar:/Users/nazlituncer/.m2/repository/org/apache/commons/commons-compress/1.18/commons-compress-1.18.jar:/Users/nazlituncer/.m2/repository/org/testcontainers/mysql/1.14.3/mysql-1.14.3.jar:/Users/nazlituncer/.m2/repository/org/testcontainers/jdbc/1.14.3/jdbc-1.14.3.jar:/Users/nazlituncer/.m2/repository/org/testcontainers/database-commons/1.14.3/database-commons-1.14.3.jar:/Users/nazlituncer/.m2/repository/org/testcontainers/testcontainers/1.14.3/testcontainers-1.14.3.jar:/Users/nazlituncer/.m2/repository/junit/junit/4.13.2/junit-4.13.2.jar:/Users/nazlituncer/.m2/repository/org/jetbrains/annotations/19.0.0/annotations-19.0.0.jar:/Users/nazlituncer/.m2/repository/org/rnorth/duct-tape/duct-tape/1.0.8/duct-tape-1.0.8.jar:/Users/nazlituncer/.m2/repository/org/rnorth/visible-assertions/visible-assertions/2.1.2/visible-assertions-2.1.2.jar:/Users/nazlituncer/.m2/repository/org/rnorth/tcp-unix-socket-proxy/1.0.2/tcp-unix-socket-proxy-1.0.2.jar:/Users/nazlituncer/.m2/repository/com/kohlschutter/junixsocket/junixsocket-native-common/2.0.4/junixsocket-native-common-2.0.4.jar:/Users/nazlituncer/.m2/repository/org/scijava/native-lib-loader/2.0.2/native-lib-loader-2.0.2.jar:/Users/nazlituncer/.m2/repository/com/kohlschutter/junixsocket/junixsocket-common/2.0.4/junixsocket-common-2.0.4.jar:/Users/nazlituncer/.m2/repository/org/projectlombok/lombok/1.18.20/lombok-1.18.20.jar:"/>
    <property name="java.vm.vendor" value="Oracle Corporation"/>
    <property name="sun.arch.data.model" value="64"/>
    <property name="java.vendor.url" value="https://java.oracle.com/"/>
    <property name="os.name" value="Mac OS X"/>
    <property name="java.vm.specification.version" value="15"/>
    <property name="sun.java.launcher" value="SUN_STANDARD"/>
    <property name="user.country" value="GB"/>
    <property name="sun.boot.library.path" value="/Users/nazlituncer/.p2/pool/plugins/org.eclipse.justj.openjdk.hotspot.jre.full.macosx.x86_64_15.0.2.v20210201-0955/jre/lib"/>
    <property name="sun.java.command" value="/Users/nazlituncer/channe_pizza2/channel_pizza/target/surefire/surefirebooter6869337225306357395.jar /Users/nazlituncer/channe_pizza2/channel_pizza/target/surefire 2021-05-27T01-58-50_619-jvmRun1 surefire15508181470037693754tmp surefire_015907008862635938265tmp"/>
    <property name="http.nonProxyHosts" value="local|*.local|169.254/16|*.169.254/16"/>
    <property name="jdk.debug" value="release"/>
    <property name="surefire.test.class.path" value="/Users/nazlituncer/channe_pizza2/channel_pizza/target/test-classes:/Users/nazlituncer/channe_pizza2/channel_pizza/target/classes:/Users/nazlituncer/.m2/repository/org/springframework/boot/spring-boot-starter-data-mongodb/2.4.5/spring-boot-starter-data-mongodb-2.4.5.jar:/Users/nazlituncer/.m2/repository/org/springframework/boot/spring-boot-starter/2.4.5/spring-boot-starter-2.4.5.jar:/Users/nazlituncer/.m2/repository/org/springframework/boot/spring-boot-starter-logging/2.4.5/spring-boot-starter-logging-2.4.5.jar:/Users/nazlituncer/.m2/repository/ch/qos/logback/logback-classic/1.2.3/logback-classic-1.2.3.jar:/Users/nazlituncer/.m2/repository/ch/qos/logback/logback-core/1.2.3/logback-core-1.2.3.jar:/Users/nazlituncer/.m2/repository/org/apache/logging/log4j/log4j-to-slf4j/2.13.3/log4j-to-slf4j-2.13.3.jar:/Users/nazlituncer/.m2/repository/org/apache/logging/log4j/log4j-api/2.13.3/log4j-api-2.13.3.jar:/Users/nazlituncer/.m2/repository/org/slf4j/jul-to-slf4j/1.7.30/jul-to-slf4j-1.7.30.jar:/Users/nazlituncer/.m2/repository/jakarta/annotation/jakarta.annotation-api/1.3.5/jakarta.annotation-api-1.3.5.jar:/Users/nazlituncer/.m2/repository/org/yaml/snakeyaml/1.27/snakeyaml-1.27.jar:/Users/nazlituncer/.m2/repository/org/mongodb/mongodb-driver-sync/4.1.2/mongodb-driver-sync-4.1.2.jar:/Users/nazlituncer/.m2/repository/org/mongodb/bson/4.1.2/bson-4.1.2.jar:/Users/nazlituncer/.m2/repository/org/mongodb/mongodb-driver-core/4.1.2/mongodb-driver-core-4.1.2.jar:/Users/nazlituncer/.m2/repository/org/springframework/data/spring-data-mongodb/3.1.8/spring-data-mongodb-3.1.8.jar:/Users/nazlituncer/.m2/repository/org/springframework/spring-tx/5.3.6/spring-tx-5.3.6.jar:/Users/nazlituncer/.m2/repository/org/springframework/spring-context/5.3.6/spring-context-5.3.6.jar:/Users/nazlituncer/.m2/repository/org/springframework/spring-beans/5.3.6/spring-beans-5.3.6.jar:/Users/nazlituncer/.m2/repository/org/springframework/spring-expression/5.3.6/spring-expression-5.3.6.jar:/Users/nazlituncer/.m2/repository/org/springframework/data/spring-data-commons/2.4.8/spring-data-commons-2.4.8.jar:/Users/nazlituncer/.m2/repository/org/springframework/boot/spring-boot-starter-web/2.4.5/spring-boot-starter-web-2.4.5.jar:/Users/nazlituncer/.m2/repository/org/springframework/boot/spring-boot-starter-json/2.4.5/spring-boot-starter-json-2.4.5.jar:/Users/nazlituncer/.m2/repository/com/fasterxml/jackson/core/jackson-databind/2.11.4/jackson-databind-2.11.4.jar:/Users/nazlituncer/.m2/repository/com/fasterxml/jackson/core/jackson-annotations/2.11.4/jackson-annotations-2.11.4.jar:/Users/nazlituncer/.m2/repository/com/fasterxml/jackson/datatype/jackson-datatype-jdk8/2.11.4/jackson-datatype-jdk8-2.11.4.jar:/Users/nazlituncer/.m2/repository/com/fasterxml/jackson/datatype/jackson-datatype-jsr310/2.11.4/jackson-datatype-jsr310-2.11.4.jar:/Users/nazlituncer/.m2/repository/com/fasterxml/jackson/module/jackson-module-parameter-names/2.11.4/jackson-module-parameter-names-2.11.4.jar:/Users/nazlituncer/.m2/repository/org/springframework/boot/spring-boot-starter-tomcat/2.4.5/spring-boot-starter-tomcat-2.4.5.jar:/Users/nazlituncer/.m2/repository/org/apache/tomcat/embed/tomcat-embed-core/9.0.45/tomcat-embed-core-9.0.45.jar:/Users/nazlituncer/.m2/repository/org/glassfish/jakarta.el/3.0.3/jakarta.el-3.0.3.jar:/Users/nazlituncer/.m2/repository/org/apache/tomcat/embed/tomcat-embed-websocket/9.0.45/tomcat-embed-websocket-9.0.45.jar:/Users/nazlituncer/.m2/repository/org/springframework/spring-web/5.3.6/spring-web-5.3.6.jar:/Users/nazlituncer/.m2/repository/org/springframework/spring-webmvc/5.3.6/spring-webmvc-5.3.6.jar:/Users/nazlituncer/.m2/repository/org/springframework/spring-aop/5.3.6/spring-aop-5.3.6.jar:/Users/nazlituncer/.m2/repository/org/springframework/boot/spring-boot-devtools/2.4.5/spring-boot-devtools-2.4.5.jar:/Users/nazlituncer/.m2/repository/org/springframework/boot/spring-boot/2.4.5/spring-boot-2.4.5.jar:/Users/nazlituncer/.m2/repository/org/springframework/boot/spring-boot-autoconfigure/2.4.5/spring-boot-autoconfigure-2.4.5.jar:/Users/nazlituncer/.m2/repository/org/springframework/boot/spring-boot-starter-test/2.4.5/spring-boot-starter-test-2.4.5.jar:/Users/nazlituncer/.m2/repository/org/springframework/boot/spring-boot-test/2.4.5/spring-boot-test-2.4.5.jar:/Users/nazlituncer/.m2/repository/org/springframework/boot/spring-boot-test-autoconfigure/2.4.5/spring-boot-test-autoconfigure-2.4.5.jar:/Users/nazlituncer/.m2/repository/com/jayway/jsonpath/json-path/2.4.0/json-path-2.4.0.jar:/Users/nazlituncer/.m2/repository/net/minidev/json-smart/2.3/json-smart-2.3.jar:/Users/nazlituncer/.m2/repository/net/minidev/accessors-smart/1.2/accessors-smart-1.2.jar:/Users/nazlituncer/.m2/repository/org/ow2/asm/asm/5.0.4/asm-5.0.4.jar:/Users/nazlituncer/.m2/repository/jakarta/xml/bind/jakarta.xml.bind-api/2.3.3/jakarta.xml.bind-api-2.3.3.jar:/Users/nazlituncer/.m2/repository/jakarta/activation/jakarta.activation-api/1.2.2/jakarta.activation-api-1.2.2.jar:/Users/nazlituncer/.m2/repository/org/assertj/assertj-core/3.18.1/assertj-core-3.18.1.jar:/Users/nazlituncer/.m2/repository/org/hamcrest/hamcrest/2.2/hamcrest-2.2.jar:/Users/nazlituncer/.m2/repository/org/junit/jupiter/junit-jupiter/5.7.1/junit-jupiter-5.7.1.jar:/Users/nazlituncer/.m2/repository/org/junit/jupiter/junit-jupiter-api/5.7.1/junit-jupiter-api-5.7.1.jar:/Users/nazlituncer/.m2/repository/org/apiguardian/apiguardian-api/1.1.0/apiguardian-api-1.1.0.jar:/Users/nazlituncer/.m2/repository/org/opentest4j/opentest4j/1.2.0/opentest4j-1.2.0.jar:/Users/nazlituncer/.m2/repository/org/junit/platform/junit-platform-commons/1.7.1/junit-platform-commons-1.7.1.jar:/Users/nazlituncer/.m2/repository/org/junit/jupiter/junit-jupiter-params/5.7.1/junit-jupiter-params-5.7.1.jar:/Users/nazlituncer/.m2/repository/org/junit/jupiter/junit-jupiter-engine/5.7.1/junit-jupiter-engine-5.7.1.jar:/Users/nazlituncer/.m2/repository/org/junit/platform/junit-platform-engine/1.7.1/junit-platform-engine-1.7.1.jar:/Users/nazlituncer/.m2/repository/org/mockito/mockito-core/3.6.28/mockito-core-3.6.28.jar:/Users/nazlituncer/.m2/repository/net/bytebuddy/byte-buddy/1.10.22/byte-buddy-1.10.22.jar:/Users/nazlituncer/.m2/repository/net/bytebuddy/byte-buddy-agent/1.10.22/byte-buddy-agent-1.10.22.jar:/Users/nazlituncer/.m2/repository/org/objenesis/objenesis/3.1/objenesis-3.1.jar:/Users/nazlituncer/.m2/repository/org/mockito/mockito-junit-jupiter/3.6.28/mockito-junit-jupiter-3.6.28.jar:/Users/nazlituncer/.m2/repository/org/skyscreamer/jsonassert/1.5.0/jsonassert-1.5.0.jar:/Users/nazlituncer/.m2/repository/com/vaadin/external/google/android-json/0.0.20131108.vaadin1/android-json-0.0.20131108.vaadin1.jar:/Users/nazlituncer/.m2/repository/org/springframework/spring-core/5.3.6/spring-core-5.3.6.jar:/Users/nazlituncer/.m2/repository/org/springframework/spring-jcl/5.3.6/spring-jcl-5.3.6.jar:/Users/nazlituncer/.m2/repository/org/springframework/spring-test/5.3.6/spring-test-5.3.6.jar:/Users/nazlituncer/.m2/repository/org/xmlunit/xmlunit-core/2.7.0/xmlunit-core-2.7.0.jar:/Users/nazlituncer/.m2/repository/com/lordofthejars/nosqlunit-mongodb/0.7.6/nosqlunit-mongodb-0.7.6.jar:/Users/nazlituncer/.m2/repository/com/lordofthejars/nosqlunit-core/0.7.6/nosqlunit-core-0.7.6.jar:/Users/nazlituncer/.m2/repository/javax/inject/javax.inject/1/javax.inject-1.jar:/Users/nazlituncer/.m2/repository/com/googlecode/lambdaj/lambdaj/2.3.3/lambdaj-2.3.3.jar:/Users/nazlituncer/.m2/repository/cglib/cglib-nodep/2.2/cglib-nodep-2.2.jar:/Users/nazlituncer/.m2/repository/org/jooq/joor/0.9.3/joor-0.9.3.jar:/Users/nazlituncer/.m2/repository/org/codehaus/jackson/jackson-mapper-asl/1.8.8/jackson-mapper-asl-1.8.8.jar:/Users/nazlituncer/.m2/repository/org/codehaus/jackson/jackson-core-asl/1.8.8/jackson-core-asl-1.8.8.jar:/Users/nazlituncer/.m2/repository/org/mongodb/mongo-java-driver/2.10.1/mongo-java-driver-2.10.1.jar:/Users/nazlituncer/.m2/repository/com/foursquare/fongo/1.0.7/fongo-1.0.7.jar:/Users/nazlituncer/.m2/repository/org/hamcrest/hamcrest-core/2.2/hamcrest-core-2.2.jar:/Users/nazlituncer/.m2/repository/org/hamcrest/hamcrest-library/2.2/hamcrest-library-2.2.jar:/Users/nazlituncer/.m2/repository/org/slf4j/slf4j-api/1.7.30/slf4j-api-1.7.30.jar:/Users/nazlituncer/.m2/repository/com/github/fakemongo/fongo/2.0.6/fongo-2.0.6.jar:/Users/nazlituncer/.m2/repository/org/mozilla/rhino/1.7.7/rhino-1.7.7.jar:/Users/nazlituncer/.m2/repository/com/vividsolutions/jts/1.13/jts-1.13.jar:/Users/nazlituncer/.m2/repository/de/grundid/opendatalab/geojson-jackson/1.2/geojson-jackson-1.2.jar:/Users/nazlituncer/.m2/repository/com/fasterxml/jackson/core/jackson-core/2.11.4/jackson-core-2.11.4.jar:/Users/nazlituncer/.m2/repository/de/flapdoodle/embed/de.flapdoodle.embed.mongo/2.2.0/de.flapdoodle.embed.mongo-2.2.0.jar:/Users/nazlituncer/.m2/repository/de/flapdoodle/embed/de.flapdoodle.embed.process/2.1.2/de.flapdoodle.embed.process-2.1.2.jar:/Users/nazlituncer/.m2/repository/org/apache/commons/commons-lang3/3.11/commons-lang3-3.11.jar:/Users/nazlituncer/.m2/repository/net/java/dev/jna/jna/4.0.0/jna-4.0.0.jar:/Users/nazlituncer/.m2/repository/net/java/dev/jna/jna-platform/4.0.0/jna-platform-4.0.0.jar:/Users/nazlituncer/.m2/repository/org/apache/commons/commons-compress/1.18/commons-compress-1.18.jar:/Users/nazlituncer/.m2/repository/org/testcontainers/mysql/1.14.3/mysql-1.14.3.jar:/Users/nazlituncer/.m2/repository/org/testcontainers/jdbc/1.14.3/jdbc-1.14.3.jar:/Users/nazlituncer/.m2/repository/org/testcontainers/database-commons/1.14.3/database-commons-1.14.3.jar:/Users/nazlituncer/.m2/repository/org/testcontainers/testcontainers/1.14.3/testcontainers-1.14.3.jar:/Users/nazlituncer/.m2/repository/junit/junit/4.13.2/junit-4.13.2.jar:/Users/nazlituncer/.m2/repository/org/jetbrains/annotations/19.0.0/annotations-19.0.0.jar:/Users/nazlituncer/.m2/repository/org/rnorth/duct-tape/duct-tape/1.0.8/duct-tape-1.0.8.jar:/Users/nazlituncer/.m2/repository/org/rnorth/visible-assertions/visible-assertions/2.1.2/visible-assertions-2.1.2.jar:/Users/nazlituncer/.m2/repository/org/rnorth/tcp-unix-socket-proxy/1.0.2/tcp-unix-socket-proxy-1.0.2.jar:/Users/nazlituncer/.m2/repository/com/kohlschutter/junixsocket/junixsocket-native-common/2.0.4/junixsocket-native-common-2.0.4.jar:/Users/nazlituncer/.m2/repository/org/scijava/native-lib-loader/2.0.2/native-lib-loader-2.0.2.jar:/Users/nazlituncer/.m2/repository/com/kohlschutter/junixsocket/junixsocket-common/2.0.4/junixsocket-common-2.0.4.jar:/Users/nazlituncer/.m2/repository/org/projectlombok/lombok/1.18.20/lombok-1.18.20.jar:"/>
    <property name="sun.cpu.endian" value="little"/>
    <property name="user.home" value="/Users/nazlituncer"/>
    <property name="user.language" value="en"/>
    <property name="java.specification.vendor" value="Oracle Corporation"/>
    <property name="java.version.date" value="2021-01-19"/>
    <property name="java.home" value="/Users/nazlituncer/.p2/pool/plugins/org.eclipse.justj.openjdk.hotspot.jre.full.macosx.x86_64_15.0.2.v20210201-0955/jre"/>
    <property name="file.separator" value="/"/>
    <property name="basedir" value="/Users/nazlituncer/channe_pizza2/channel_pizza"/>
    <property name="java.vm.compressedOopsMode" value="Zero based"/>
    <property name="line.separator" value="&#10;"/>
    <property name="java.specification.name" value="Java Platform API Specification"/>
    <property name="java.vm.specification.vendor" value="Oracle Corporation"/>
    <property name="surefire.real.class.path" value="/Users/nazlituncer/channe_pizza2/channel_pizza/target/surefire/surefirebooter6869337225306357395.jar"/>
    <property name="sun.management.compiler" value="HotSpot 64-Bit Tiered Compilers"/>
    <property name="ftp.nonProxyHosts" value="local|*.local|169.254/16|*.169.254/16"/>
    <property name="java.runtime.version" value="15.0.2+7-27"/>
    <property name="user.name" value="nazlituncer"/>
    <property name="path.separator" value=":"/>
    <property name="os.version" value="10.16"/>
    <property name="java.runtime.name" value="OpenJDK Runtime Environment"/>
    <property name="file.encoding" value="UTF-8"/>
    <property name="java.vm.name" value="OpenJDK 64-Bit Server VM"/>
    <property name="localRepository" value="/Users/nazlituncer/.m2/repository"/>
    <property name="java.vendor.url.bug" value="https://bugreport.java.com/bugreport/"/>
    <property name="java.io.tmpdir" value="/var/folders/23/gps7658x05j9wgfqgmhj29840000gn/T/"/>
    <property name="java.version" value="15.0.2"/>
    <property name="user.dir" value="/Users/nazlituncer/channe_pizza2/channel_pizza"/>
    <property name="os.arch" value="x86_64"/>
    <property name="java.vm.specification.name" value="Java Virtual Machine Specification"/>
    <property name="java.library.path" value="/Users/nazlituncer/Library/Java/Extensions:/Library/Java/Extensions:/Network/Library/Java/Extensions:/System/Library/Java/Extensions:/usr/lib/java:."/>
    <property name="java.vm.info" value="mixed mode"/>
    <property name="java.vendor" value="Oracle Corporation"/>
    <property name="java.vm.version" value="15.0.2+7-27"/>
    <property name="sun.io.unicode.encoding" value="UnicodeBig"/>
    <property name="socksNonProxyHosts" value="local|*.local|169.254/16|*.169.254/16"/>
    <property name="java.class.version" value="59.0"/>
  </properties>
  <testcase name="testSaveItem" classname="group.channel_pizza.service.ItemServiceTest" time="0"/>
  <testcase name="testGetAllItems" classname="group.channel_pizza.service.ItemServiceTest" time="0.001"/>
  <testcase name="testGetItem" classname="group.channel_pizza.service.ItemServiceTest" time="0.002"/>
</testsuite>